[debug] [2025-05-30T01:45:16.694Z] ----------------------------------------------------------------------
[debug] [2025-05-30T01:45:16.697Z] Command:       C:\Program Files\nodejs\node.exe C:\Users\jairo\AppData\Roaming\npm\node_modules\firebase-tools\lib\bin\firebase.js init hosting
[debug] [2025-05-30T01:45:16.697Z] CLI Version:   14.5.0
[debug] [2025-05-30T01:45:16.697Z] Platform:      win32
[debug] [2025-05-30T01:45:16.697Z] Node Version:  v20.18.0
[debug] [2025-05-30T01:45:16.698Z] Time:          Thu May 29 2025 19:45:16 GMT-0600 (hora estándar central)
[debug] [2025-05-30T01:45:16.698Z] ----------------------------------------------------------------------
[debug] 
[debug] [2025-05-30T01:45:16.703Z] > command requires scopes: ["email","openid","https://www.googleapis.com/auth/cloudplatformprojects.readonly","https://www.googleapis.com/auth/firebase","https://www.googleapis.com/auth/cloud-platform"]
[debug] [2025-05-30T01:45:16.704Z] > authorizing via signed-in user (villegasmanuel954@gmail.com)
[info] 
     ######## #### ########  ######## ########     ###     ######  ########
     ##        ##  ##     ## ##       ##     ##  ##   ##  ##       ##
     ######    ##  ########  ######   ########  #########  ######  ######
     ##        ##  ##    ##  ##       ##     ## ##     ##       ## ##
     ##       #### ##     ## ######## ########  ##     ##  ######  ########

You're about to initialize a Firebase project in this directory:

  C:\Users\jairo\Downloads\Event\gestion-eventos

[info] 
=== Project Setup
[info] 
[info] First, let's associate this project directory with a Firebase project.
[info] You can create multiple project aliases by running firebase use --add, 
[info] but for now we'll just set up a default project.
[info] 
[debug] [2025-05-30T01:45:27.053Z] Checked if tokens are valid: true, expires at: 1748572562316
[debug] [2025-05-30T01:45:27.053Z] Checked if tokens are valid: true, expires at: 1748572562316
[debug] [2025-05-30T01:45:27.055Z] >>> [apiv2][query] GET https://firebase.googleapis.com/v1beta1/projects pageSize=100
[debug] [2025-05-30T01:45:27.510Z] <<< [apiv2][status] GET https://firebase.googleapis.com/v1beta1/projects 200
[debug] [2025-05-30T01:45:27.510Z] <<< [apiv2][body] GET https://firebase.googleapis.com/v1beta1/projects [omitted]
[info] i  Using project gestor-eventos-97d45 (gestor-eventos) 
[info] 
=== Hosting Setup
[debug] [2025-05-30T01:45:28.396Z] Checked if tokens are valid: true, expires at: 1748572562316
[debug] [2025-05-30T01:45:28.396Z] Checked if tokens are valid: true, expires at: 1748572562316
[debug] [2025-05-30T01:45:28.397Z] >>> [apiv2][query] GET https://firebase.googleapis.com/v1beta1/projects/gestor-eventos-97d45 [none]
[debug] [2025-05-30T01:45:28.725Z] <<< [apiv2][status] GET https://firebase.googleapis.com/v1beta1/projects/gestor-eventos-97d45 200
[debug] [2025-05-30T01:45:28.725Z] <<< [apiv2][body] GET https://firebase.googleapis.com/v1beta1/projects/gestor-eventos-97d45 {"projectId":"gestor-eventos-97d45","projectNumber":"820367238137","displayName":"gestor-eventos","name":"projects/gestor-eventos-97d45","resources":{"hostingSite":"gestor-eventos-97d45"},"state":"ACTIVE","etag":"1_5e03ce64-b31d-4f22-8109-fcb5d1f8d78d"}
[info] 
[info] Your public directory is the folder (relative to your project directory) that
[info] will contain Hosting assets to be uploaded with firebase deploy. If you
[info] have a build process for your assets, use your build's output directory.
[info] 
[debug] [2025-05-30T01:45:43.156Z] >>> [apiv2][query] GET https://www.gstatic.com/firebasejs/releases.json [none]
[debug] [2025-05-30T01:45:43.294Z] <<< [apiv2][status] GET https://www.gstatic.com/firebasejs/releases.json 200
[debug] [2025-05-30T01:45:43.294Z] <<< [apiv2][body] GET https://www.gstatic.com/firebasejs/releases.json {"current":{"version":"11.8.1","browserURL":"https://www.gstatic.com/firebasejs/11.8.1/firebase.js","packageURL":"https://www.gstatic.com/firebasejs/11.8.1/firebase.tgz"},"live":{"version":"11.8","browserURL":"https://www.gstatic.com/firebasejs/live/11.8/firebase.js","packageURL":"https://www.gstatic.com/firebasejs/live/11.8/firebase.tgz"},"components":{"ai":"https://www.gstatic.com/firebasejs/11.8.1/firebase-ai.js","analytics":"https://www.gstatic.com/firebasejs/11.8.1/firebase-analytics.js","app":"https://www.gstatic.com/firebasejs/11.8.1/firebase-app.js","app-check":"https://www.gstatic.com/firebasejs/11.8.1/firebase-app-check.js","auth":"https://www.gstatic.com/firebasejs/11.8.1/firebase-auth.js","auth/cordova":"https://www.gstatic.com/firebasejs/11.8.1/firebase-auth/cordova.js","auth/web-extension":"https://www.gstatic.com/firebasejs/11.8.1/firebase-auth/web-extension.js","functions":"https://www.gstatic.com/firebasejs/11.8.1/firebase-functions.js","firestore":"https://www.gstatic.com/firebasejs/11.8.1/firebase-firestore.js","firestore/lite":"https://www.gstatic.com/firebasejs/11.8.1/firebase-firestore/lite.js","installations":"https://www.gstatic.com/firebasejs/11.8.1/firebase-installations.js","storage":"https://www.gstatic.com/firebasejs/11.8.1/firebase-storage.js","performance":"https://www.gstatic.com/firebasejs/11.8.1/firebase-performance.js","remote-config":"https://www.gstatic.com/firebasejs/11.8.1/firebase-remote-config.js","messaging":"https://www.gstatic.com/firebasejs/11.8.1/firebase-messaging.js","messaging/sw":"https://www.gstatic.com/firebasejs/11.8.1/firebase-messaging/sw.js","database":"https://www.gstatic.com/firebasejs/11.8.1/firebase-database.js","vertexai":"https://www.gstatic.com/firebasejs/11.8.1/firebase-vertexai.js","data-connect":"https://www.gstatic.com/firebasejs/11.8.1/firebase-data-connect.js","firestore.memory":"https://www.gstatic.com/firebasejs/11.8.1/firebase-firestore.memory.js"}}
[debug] [2025-05-30T01:45:43.297Z] Error: EPERM: operation not permitted, open 'C:\index.html'
    at Object.writeFileSync (node:fs:2367:20)
    at Object.createFileSync (C:\Users\jairo\AppData\Roaming\npm\node_modules\firebase-tools\node_modules\fs-extra\lib\ensure\file.js:63:6)
    at Config.writeProjectFile (C:\Users\jairo\AppData\Roaming\npm\node_modules\firebase-tools\lib\config.js:160:12)
    at Config.askWriteProjectFile (C:\Users\jairo\AppData\Roaming\npm\node_modules\firebase-tools\lib\config.js:208:14)
    at process.processTicksAndRejections (node:internal/process/task_queues:95:5)
    at async Object.doSetup (C:\Users\jairo\AppData\Roaming\npm\node_modules\firebase-tools\lib\init\features\hosting\index.js:157:9)
    at async init (C:\Users\jairo\AppData\Roaming\npm\node_modules\firebase-tools\lib\init\index.js:57:13)
    at async Command.initAction [as actionFn] (C:\Users\jairo\AppData\Roaming\npm\node_modules\firebase-tools\lib\commands\init.js:187:5)
[error] 
[error] Error: An unexpected error has occurred.
[debug] [2025-05-30T01:45:48.519Z] ----------------------------------------------------------------------
[debug] [2025-05-30T01:45:48.521Z] Command:       C:\Program Files\nodejs\node.exe C:\Users\jairo\AppData\Roaming\npm\node_modules\firebase-tools\lib\bin\firebase.js init hosting
[debug] [2025-05-30T01:45:48.522Z] CLI Version:   14.5.0
[debug] [2025-05-30T01:45:48.522Z] Platform:      win32
[debug] [2025-05-30T01:45:48.522Z] Node Version:  v20.18.0
[debug] [2025-05-30T01:45:48.522Z] Time:          Thu May 29 2025 19:45:48 GMT-0600 (hora estándar central)
[debug] [2025-05-30T01:45:48.522Z] ----------------------------------------------------------------------
[debug] 
[debug] [2025-05-30T01:45:48.527Z] > command requires scopes: ["email","openid","https://www.googleapis.com/auth/cloudplatformprojects.readonly","https://www.googleapis.com/auth/firebase","https://www.googleapis.com/auth/cloud-platform"]
[debug] [2025-05-30T01:45:48.528Z] > authorizing via signed-in user (villegasmanuel954@gmail.com)
[info] 
     ######## #### ########  ######## ########     ###     ######  ########
     ##        ##  ##     ## ##       ##     ##  ##   ##  ##       ##
     ######    ##  ########  ######   ########  #########  ######  ######
     ##        ##  ##    ##  ##       ##     ## ##     ##       ## ##
     ##       #### ##     ## ######## ########  ##     ##  ######  ########

You're about to initialize a Firebase project in this directory:

  C:\Users\jairo\Downloads\Event\gestion-eventos

[info] 
=== Project Setup
[info] 
[info] First, let's associate this project directory with a Firebase project.
[info] You can create multiple project aliases by running firebase use --add, 
[info] but for now we'll just set up a default project.
[info] 
[debug] [2025-05-30T01:45:52.314Z] Checked if tokens are valid: true, expires at: 1748572562316
[debug] [2025-05-30T01:45:52.315Z] Checked if tokens are valid: true, expires at: 1748572562316
[debug] [2025-05-30T01:45:52.316Z] >>> [apiv2][query] GET https://firebase.googleapis.com/v1beta1/projects pageSize=100
[debug] [2025-05-30T01:45:52.752Z] <<< [apiv2][status] GET https://firebase.googleapis.com/v1beta1/projects 200
[debug] [2025-05-30T01:45:52.752Z] <<< [apiv2][body] GET https://firebase.googleapis.com/v1beta1/projects [omitted]
[info] i  Using project gestor-eventos-97d45 (gestor-eventos) 
[info] 
=== Hosting Setup
[debug] [2025-05-30T01:45:53.184Z] Checked if tokens are valid: true, expires at: 1748572562316
[debug] [2025-05-30T01:45:53.184Z] Checked if tokens are valid: true, expires at: 1748572562316
[debug] [2025-05-30T01:45:53.184Z] >>> [apiv2][query] GET https://firebase.googleapis.com/v1beta1/projects/gestor-eventos-97d45 [none]
[debug] [2025-05-30T01:45:53.473Z] <<< [apiv2][status] GET https://firebase.googleapis.com/v1beta1/projects/gestor-eventos-97d45 200
[debug] [2025-05-30T01:45:53.473Z] <<< [apiv2][body] GET https://firebase.googleapis.com/v1beta1/projects/gestor-eventos-97d45 {"projectId":"gestor-eventos-97d45","projectNumber":"820367238137","displayName":"gestor-eventos","name":"projects/gestor-eventos-97d45","resources":{"hostingSite":"gestor-eventos-97d45"},"state":"ACTIVE","etag":"1_5e03ce64-b31d-4f22-8109-fcb5d1f8d78d"}
[info] 
[info] Your public directory is the folder (relative to your project directory) that
[info] will contain Hosting assets to be uploaded with firebase deploy. If you
[info] have a build process for your assets, use your build's output directory.
[info] 
[debug] [2025-05-30T01:45:58.601Z] >>> [apiv2][query] GET https://www.gstatic.com/firebasejs/releases.json [none]
[debug] [2025-05-30T01:45:58.741Z] <<< [apiv2][status] GET https://www.gstatic.com/firebasejs/releases.json 200
[debug] [2025-05-30T01:45:58.741Z] <<< [apiv2][body] GET https://www.gstatic.com/firebasejs/releases.json {"current":{"version":"11.8.1","browserURL":"https://www.gstatic.com/firebasejs/11.8.1/firebase.js","packageURL":"https://www.gstatic.com/firebasejs/11.8.1/firebase.tgz"},"live":{"version":"11.8","browserURL":"https://www.gstatic.com/firebasejs/live/11.8/firebase.js","packageURL":"https://www.gstatic.com/firebasejs/live/11.8/firebase.tgz"},"components":{"ai":"https://www.gstatic.com/firebasejs/11.8.1/firebase-ai.js","analytics":"https://www.gstatic.com/firebasejs/11.8.1/firebase-analytics.js","app":"https://www.gstatic.com/firebasejs/11.8.1/firebase-app.js","app-check":"https://www.gstatic.com/firebasejs/11.8.1/firebase-app-check.js","auth":"https://www.gstatic.com/firebasejs/11.8.1/firebase-auth.js","auth/cordova":"https://www.gstatic.com/firebasejs/11.8.1/firebase-auth/cordova.js","auth/web-extension":"https://www.gstatic.com/firebasejs/11.8.1/firebase-auth/web-extension.js","functions":"https://www.gstatic.com/firebasejs/11.8.1/firebase-functions.js","firestore":"https://www.gstatic.com/firebasejs/11.8.1/firebase-firestore.js","firestore/lite":"https://www.gstatic.com/firebasejs/11.8.1/firebase-firestore/lite.js","installations":"https://www.gstatic.com/firebasejs/11.8.1/firebase-installations.js","storage":"https://www.gstatic.com/firebasejs/11.8.1/firebase-storage.js","performance":"https://www.gstatic.com/firebasejs/11.8.1/firebase-performance.js","remote-config":"https://www.gstatic.com/firebasejs/11.8.1/firebase-remote-config.js","messaging":"https://www.gstatic.com/firebasejs/11.8.1/firebase-messaging.js","messaging/sw":"https://www.gstatic.com/firebasejs/11.8.1/firebase-messaging/sw.js","database":"https://www.gstatic.com/firebasejs/11.8.1/firebase-database.js","vertexai":"https://www.gstatic.com/firebasejs/11.8.1/firebase-vertexai.js","data-connect":"https://www.gstatic.com/firebasejs/11.8.1/firebase-data-connect.js","firestore.memory":"https://www.gstatic.com/firebasejs/11.8.1/firebase-firestore.memory.js"}}
[debug] [2025-05-30T01:45:58.743Z] Error: EPERM: operation not permitted, open 'C:\index.html'
    at Object.writeFileSync (node:fs:2367:20)
    at Object.createFileSync (C:\Users\jairo\AppData\Roaming\npm\node_modules\firebase-tools\node_modules\fs-extra\lib\ensure\file.js:63:6)
    at Config.writeProjectFile (C:\Users\jairo\AppData\Roaming\npm\node_modules\firebase-tools\lib\config.js:160:12)
    at Config.askWriteProjectFile (C:\Users\jairo\AppData\Roaming\npm\node_modules\firebase-tools\lib\config.js:208:14)
    at process.processTicksAndRejections (node:internal/process/task_queues:95:5)
    at async Object.doSetup (C:\Users\jairo\AppData\Roaming\npm\node_modules\firebase-tools\lib\init\features\hosting\index.js:157:9)
    at async init (C:\Users\jairo\AppData\Roaming\npm\node_modules\firebase-tools\lib\init\index.js:57:13)
    at async Command.initAction [as actionFn] (C:\Users\jairo\AppData\Roaming\npm\node_modules\firebase-tools\lib\commands\init.js:187:5)
[error] 
[error] Error: An unexpected error has occurred.
